<?xml version="1.0" encoding="UTF-8"?>
<!-- Generated by org.testng.reporters.JUnitReportReporter -->
<testsuite hostname="DESKTOP-U4B3TVV" failures="0" tests="1" name="Practice.ExecuteUpdate" time="0.280" errors="0" timestamp="2021-09-27T16:25:49 IST" skipped="0">
  <testcase classname="Practice.ExecuteUpdate" name="executeQuery" time="0.280"/>
  <system-out/>
</testsuite> <!-- Practice.ExecuteUpdate -->
