<?xml version="1.0" encoding="UTF-8"?>
<!-- Generated by org.testng.reporters.JUnitReportReporter -->
<testsuite hostname="DESKTOP-U4B3TVV" failures="0" tests="1" name="GenericUtils.ReadDataFromPropertyFile" time="0.012" errors="0" timestamp="2021-09-27T10:27:50 IST" skipped="0">
  <testcase classname="GenericUtils.ReadDataFromPropertyFile" name="readDataFromPropertyFile" time="0.012"/>
  <system-out/>
</testsuite> <!-- GenericUtils.ReadDataFromPropertyFile -->
