<?xml version="1.0" encoding="UTF-8"?>
<!-- Generated by org.testng.reporters.JUnitReportReporter -->
<testsuite hostname="DESKTOP-U4B3TVV" failures="0" tests="1" name="GenericUtils.ReadDataFromJson" time="0.025" errors="0" timestamp="2021-09-27T10:41:12 IST" skipped="0">
  <testcase classname="GenericUtils.ReadDataFromJson" name="readDataFromJson" time="0.025"/>
  <system-out/>
</testsuite> <!-- GenericUtils.ReadDataFromJson -->
