<?xml version="1.0" encoding="UTF-8"?>
<!-- Generated by org.testng.reporters.JUnitReportReporter -->
<testsuite hostname="DESKTOP-U4B3TVV" failures="0" tests="1" name="Practice.Contact" time="0.015" errors="0" timestamp="2021-09-23T18:10:53 IST" skipped="0">
  <testcase classname="Practice.Contact" name="org" time="0.015"/>
  <system-out/>
</testsuite> <!-- Practice.Contact -->
