<?xml version="1.0" encoding="UTF-8"?>
<!-- Generated by org.testng.reporters.JUnitReportReporter -->
<testsuite hostname="DESKTOP-U4B3TVV" failures="0" tests="1" name="Practice.ExecuteQuery" time="0.284" errors="0" timestamp="2021-09-27T15:22:25 IST" skipped="0">
  <testcase classname="Practice.ExecuteQuery" name="executeQuery" time="0.284"/>
  <system-out/>
</testsuite> <!-- Practice.ExecuteQuery -->
