<?xml version="1.0" encoding="UTF-8"?>
<!-- Generated by org.testng.reporters.JUnitReportReporter -->
<testsuite hostname="DESKTOP-U4B3TVV" failures="0" tests="1" name="testScript.Tc_01CreateOrgWithBaseClass" time="17.285" errors="0" timestamp="2021-10-09T13:13:25 IST" skipped="0">
  <testcase classname="testScript.Tc_01CreateOrgWithBaseClass" name="createOrgWithBaseClass" time="17.285"/>
  <system-out/>
</testsuite> <!-- testScript.Tc_01CreateOrgWithBaseClass -->
