<?xml version="1.0" encoding="UTF-8"?>
<!-- Generated by org.testng.reporters.JUnitReportReporter -->
<testsuite hostname="DESKTOP-U4B3TVV" failures="0" tests="1" name="testScript.TC_01CreateContact" time="20.684" errors="0" timestamp="2021-10-01T16:57:01 IST" skipped="0">
  <testcase classname="testScript.TC_01CreateContact" name="CrtCon" time="20.684"/>
  <system-out/>
</testsuite> <!-- testScript.TC_01CreateContact -->
