<?xml version="1.0" encoding="UTF-8"?>
<!-- Generated by org.testng.reporters.JUnitReportReporter -->
<testsuite hostname="DESKTOP-U4B3TVV" failures="0" tests="1" name="Practice.Scroll" time="14.606" errors="0" timestamp="2021-09-29T17:14:34 IST" skipped="0">
  <testcase classname="Practice.Scroll" name="scrollToElement" time="14.606"/>
  <system-out/>
</testsuite> <!-- Practice.Scroll -->
