<?xml version="1.0" encoding="UTF-8"?>
<!-- Generated by org.testng.reporters.JUnitReportReporter -->
<testsuite hostname="DESKTOP-U4B3TVV" failures="0" tests="2" name="Practice.Jdbc" time="0.344" errors="0" timestamp="2021-09-29T16:21:34 IST" skipped="0">
  <testcase classname="Practice.Jdbc" name="executeQ" time="0.314"/>
  <system-out/>
  <testcase classname="Practice.Jdbc" name="updateresult" time="0.030"/>
  <system-out/>
</testsuite> <!-- Practice.Jdbc -->
